INFO:root:Successfully inserted 500 rows into film_work table
INFO:root:Successfully inserted 499 rows into film_work table
INFO:root:Successfully inserted 26 rows into genre table
INFO:root:Successfully inserted 500 rows into person table
INFO:root:Successfully inserted 500 rows into person table
INFO:root:Successfully inserted 500 rows into person table
INFO:root:Successfully inserted 500 rows into person table
INFO:root:Successfully inserted 500 rows into person table
INFO:root:Successfully inserted 500 rows into person table
INFO:root:Successfully inserted 500 rows into person table
INFO:root:Successfully inserted 500 rows into person table
INFO:root:Successfully inserted 166 rows into person table
INFO:root:Successfully inserted 500 rows into person_film_work table
INFO:root:Successfully inserted 500 rows into person_film_work table
INFO:root:Successfully inserted 500 rows into person_film_work table
INFO:root:Successfully inserted 500 rows into person_film_work table
INFO:root:Successfully inserted 500 rows into person_film_work table
INFO:root:Successfully inserted 500 rows into person_film_work table
INFO:root:Successfully inserted 500 rows into person_film_work table
INFO:root:Successfully inserted 500 rows into person_film_work table
INFO:root:Successfully inserted 500 rows into person_film_work table
INFO:root:Successfully inserted 500 rows into person_film_work table
INFO:root:Successfully inserted 500 rows into person_film_work table
INFO:root:Successfully inserted 283 rows into person_film_work table
INFO:root:Successfully inserted 500 rows into genre_film_work table
INFO:root:Successfully inserted 500 rows into genre_film_work table
INFO:root:Successfully inserted 500 rows into genre_film_work table
INFO:root:Successfully inserted 500 rows into genre_film_work table
INFO:root:Successfully inserted 231 rows into genre_film_work table
